<?xml version="1.0" encoding="UTF-8"?>
<testsuite name="com.ejercicio.tecnico.clientePersonaService.ClientePersonaServiceApplicationTests" tests="1" skipped="0" failures="0" errors="0" timestamp="2024-07-25T14:30:42" hostname="DESKTOP-K33L7QA" time="0.003">
  <properties/>
  <testcase name="contextLoads()" classname="com.ejercicio.tecnico.clientePersonaService.ClientePersonaServiceApplicationTests" time="0.003"/>
  <system-out><![CDATA[2024-07-25T09:30:38.816-05:00  INFO 19100 --- [ClientePersonaService] [    Test worker] t.c.s.AnnotationConfigContextLoaderUtils : Could not detect default configuration classes for test class [com.ejercicio.tecnico.clientePersonaService.ClientePersonaServiceApplicationTests]: ClientePersonaServiceApplicationTests does not declare any static, non-private, non-final, nested classes annotated with @Configuration.
2024-07-25T09:30:38.816-05:00  INFO 19100 --- [ClientePersonaService] [    Test worker] .b.t.c.SpringBootTestContextBootstrapper : Found @SpringBootConfiguration com.ejercicio.tecnico.clientePersonaService.ClientePersonaServiceApplication for test class com.ejercicio.tecnico.clientePersonaService.ClientePersonaServiceApplicationTests

  .   ____          _            __ _ _
 /\\ / ___'_ __ _ _(_)_ __  __ _ \ \ \ \
( ( )\___ | '_ | '_| | '_ \/ _` | \ \ \ \
 \\/  ___)| |_)| | | | | || (_| |  ) ) ) )
  '  |____| .__|_| |_|_| |_\__, | / / / /
 =========|_|==============|___/=/_/_/_/

 :: Spring Boot ::                (v3.3.2)

2024-07-25T09:30:38.849-05:00  INFO 19100 --- [ClientePersonaService] [    Test worker] .c.ClientePersonaServiceApplicationTests : Starting ClientePersonaServiceApplicationTests using Java 17.0.11 with PID 19100 (started by Charlie in C:\Users\Charlie\Documents\prueba-tecnica\ClientePersonaService)
2024-07-25T09:30:38.849-05:00  INFO 19100 --- [ClientePersonaService] [    Test worker] .c.ClientePersonaServiceApplicationTests : No active profile set, falling back to 1 default profile: "default"
2024-07-25T09:30:39.515-05:00  INFO 19100 --- [ClientePersonaService] [    Test worker] .s.d.r.c.RepositoryConfigurationDelegate : Bootstrapping Spring Data JPA repositories in DEFAULT mode.
2024-07-25T09:30:39.579-05:00  INFO 19100 --- [ClientePersonaService] [    Test worker] .s.d.r.c.RepositoryConfigurationDelegate : Finished Spring Data repository scanning in 50 ms. Found 2 JPA repository interfaces.
2024-07-25T09:30:40.017-05:00  INFO 19100 --- [ClientePersonaService] [    Test worker] o.hibernate.jpa.internal.util.LogHelper  : HHH000204: Processing PersistenceUnitInfo [name: default]
2024-07-25T09:30:40.080-05:00  INFO 19100 --- [ClientePersonaService] [    Test worker] org.hibernate.Version                    : HHH000412: Hibernate ORM core version 6.5.2.Final
2024-07-25T09:30:40.127-05:00  INFO 19100 --- [ClientePersonaService] [    Test worker] o.h.c.internal.RegionFactoryInitiator    : HHH000026: Second-level cache disabled
2024-07-25T09:30:40.221-05:00  INFO 19100 --- [ClientePersonaService] [    Test worker] o.s.o.j.p.SpringPersistenceUnitInfo      : No LoadTimeWeaver setup: ignoring JPA class transformer
2024-07-25T09:30:40.253-05:00  INFO 19100 --- [ClientePersonaService] [    Test worker] com.zaxxer.hikari.HikariDataSource       : HikariPool-1 - Starting...
2024-07-25T09:30:40.472-05:00  INFO 19100 --- [ClientePersonaService] [    Test worker] com.zaxxer.hikari.pool.HikariPool        : HikariPool-1 - Added connection com.mysql.cj.jdbc.ConnectionImpl@5f6b1f19
2024-07-25T09:30:40.472-05:00  INFO 19100 --- [ClientePersonaService] [    Test worker] com.zaxxer.hikari.HikariDataSource       : HikariPool-1 - Start completed.
2024-07-25T09:30:40.519-05:00  WARN 19100 --- [ClientePersonaService] [    Test worker] org.hibernate.orm.deprecation            : HHH90000025: MySQL8Dialect does not need to be specified explicitly using 'hibernate.dialect' (remove the property setting and it will be selected by default)
2024-07-25T09:30:40.519-05:00  WARN 19100 --- [ClientePersonaService] [    Test worker] org.hibernate.orm.deprecation            : HHH90000026: MySQL8Dialect has been deprecated; use org.hibernate.dialect.MySQLDialect instead
2024-07-25T09:30:41.183-05:00  INFO 19100 --- [ClientePersonaService] [    Test worker] o.h.e.t.j.p.i.JtaPlatformInitiator       : HHH000489: No JTA platform available (set 'hibernate.transaction.jta.platform' to enable JTA platform integration)
2024-07-25T09:30:41.233-05:00  INFO 19100 --- [ClientePersonaService] [    Test worker] j.LocalContainerEntityManagerFactoryBean : Initialized JPA EntityManagerFactory for persistence unit 'default'
2024-07-25T09:30:41.909-05:00  WARN 19100 --- [ClientePersonaService] [    Test worker] JpaBaseConfiguration$JpaWebConfiguration : spring.jpa.open-in-view is enabled by default. Therefore, database queries may be performed during view rendering. Explicitly configure spring.jpa.open-in-view to disable this warning
2024-07-25T09:30:42.423-05:00  INFO 19100 --- [ClientePersonaService] [    Test worker] o.s.b.a.e.web.EndpointLinksResolver      : Exposing 1 endpoint beneath base path '/actuator'
2024-07-25T09:30:42.502-05:00  INFO 19100 --- [ClientePersonaService] [    Test worker] .c.ClientePersonaServiceApplicationTests : Started ClientePersonaServiceApplicationTests in 3.686 seconds (process running for 7.087)
]]></system-out>
  <system-err><![CDATA[]]></system-err>
</testsuite>
