<?xml version="1.0" encoding="UTF-8"?>
<testsuite name="com.ejercicio.tecnico.clientePersonaService.IntegrationTest" tests="1" skipped="0" failures="0" errors="0" timestamp="2024-07-25T14:30:43" hostname="DESKTOP-K33L7QA" time="0.34">
  <properties/>
  <testcase name="testCreateCliente()" classname="com.ejercicio.tecnico.clientePersonaService.IntegrationTest" time="0.34"/>
  <system-out><![CDATA[2024-07-25T09:30:42.990-05:00  INFO 19100 --- [ClientePersonaService] [    Test worker] t.c.s.AnnotationConfigContextLoaderUtils : Could not detect default configuration classes for test class [com.ejercicio.tecnico.clientePersonaService.IntegrationTest]: IntegrationTest does not declare any static, non-private, non-final, nested classes annotated with @Configuration.
2024-07-25T09:30:43.005-05:00  INFO 19100 --- [ClientePersonaService] [    Test worker] .b.t.c.SpringBootTestContextBootstrapper : Found @SpringBootConfiguration com.ejercicio.tecnico.clientePersonaService.ClientePersonaServiceApplication for test class com.ejercicio.tecnico.clientePersonaService.IntegrationTest

  .   ____          _            __ _ _
 /\\ / ___'_ __ _ _(_)_ __  __ _ \ \ \ \
( ( )\___ | '_ | '_| | '_ \/ _` | \ \ \ \
 \\/  ___)| |_)| | | | | || (_| |  ) ) ) )
  '  |____| .__|_| |_|_| |_\__, | / / / /
 =========|_|==============|___/=/_/_/_/

 :: Spring Boot ::                (v3.3.2)

2024-07-25T09:30:43.022-05:00  INFO 19100 --- [ClientePersonaService] [    Test worker] c.e.t.c.IntegrationTest                  : Starting IntegrationTest using Java 17.0.11 with PID 19100 (started by Charlie in C:\Users\Charlie\Documents\prueba-tecnica\ClientePersonaService)
2024-07-25T09:30:43.022-05:00  INFO 19100 --- [ClientePersonaService] [    Test worker] c.e.t.c.IntegrationTest                  : No active profile set, falling back to 1 default profile: "default"
2024-07-25T09:30:43.197-05:00  INFO 19100 --- [ClientePersonaService] [    Test worker] .s.d.r.c.RepositoryConfigurationDelegate : Bootstrapping Spring Data JPA repositories in DEFAULT mode.
2024-07-25T09:30:43.214-05:00  INFO 19100 --- [ClientePersonaService] [    Test worker] .s.d.r.c.RepositoryConfigurationDelegate : Finished Spring Data repository scanning in 7 ms. Found 2 JPA repository interfaces.
2024-07-25T09:30:43.309-05:00  INFO 19100 --- [ClientePersonaService] [    Test worker] o.hibernate.jpa.internal.util.LogHelper  : HHH000204: Processing PersistenceUnitInfo [name: default]
2024-07-25T09:30:43.309-05:00  INFO 19100 --- [ClientePersonaService] [    Test worker] o.h.c.internal.RegionFactoryInitiator    : HHH000026: Second-level cache disabled
2024-07-25T09:30:43.324-05:00  INFO 19100 --- [ClientePersonaService] [    Test worker] o.s.o.j.p.SpringPersistenceUnitInfo      : No LoadTimeWeaver setup: ignoring JPA class transformer
2024-07-25T09:30:43.324-05:00  INFO 19100 --- [ClientePersonaService] [    Test worker] com.zaxxer.hikari.HikariDataSource       : HikariPool-2 - Starting...
2024-07-25T09:30:43.340-05:00  INFO 19100 --- [ClientePersonaService] [    Test worker] com.zaxxer.hikari.pool.HikariPool        : HikariPool-2 - Added connection com.mysql.cj.jdbc.ConnectionImpl@37220ee3
2024-07-25T09:30:43.340-05:00  INFO 19100 --- [ClientePersonaService] [    Test worker] com.zaxxer.hikari.HikariDataSource       : HikariPool-2 - Start completed.
2024-07-25T09:30:43.340-05:00  WARN 19100 --- [ClientePersonaService] [    Test worker] org.hibernate.orm.deprecation            : HHH90000025: MySQL8Dialect does not need to be specified explicitly using 'hibernate.dialect' (remove the property setting and it will be selected by default)
2024-07-25T09:30:43.340-05:00  WARN 19100 --- [ClientePersonaService] [    Test worker] org.hibernate.orm.deprecation            : HHH90000026: MySQL8Dialect has been deprecated; use org.hibernate.dialect.MySQLDialect instead
2024-07-25T09:30:43.387-05:00  INFO 19100 --- [ClientePersonaService] [    Test worker] o.h.e.t.j.p.i.JtaPlatformInitiator       : HHH000489: No JTA platform available (set 'hibernate.transaction.jta.platform' to enable JTA platform integration)
2024-07-25T09:30:43.416-05:00  INFO 19100 --- [ClientePersonaService] [    Test worker] j.LocalContainerEntityManagerFactoryBean : Initialized JPA EntityManagerFactory for persistence unit 'default'
2024-07-25T09:30:43.587-05:00  WARN 19100 --- [ClientePersonaService] [    Test worker] JpaBaseConfiguration$JpaWebConfiguration : spring.jpa.open-in-view is enabled by default. Therefore, database queries may be performed during view rendering. Explicitly configure spring.jpa.open-in-view to disable this warning
2024-07-25T09:30:43.837-05:00  INFO 19100 --- [ClientePersonaService] [    Test worker] o.s.b.t.m.w.SpringBootMockServletContext : Initializing Spring TestDispatcherServlet ''
2024-07-25T09:30:43.837-05:00  INFO 19100 --- [ClientePersonaService] [    Test worker] o.s.t.web.servlet.TestDispatcherServlet  : Initializing Servlet ''
2024-07-25T09:30:43.837-05:00  INFO 19100 --- [ClientePersonaService] [    Test worker] o.s.b.a.e.web.EndpointLinksResolver      : Exposing 1 endpoint beneath base path '/actuator'
2024-07-25T09:30:43.837-05:00  INFO 19100 --- [ClientePersonaService] [    Test worker] o.s.t.web.servlet.TestDispatcherServlet  : Completed initialization in 0 ms
2024-07-25T09:30:43.859-05:00  INFO 19100 --- [ClientePersonaService] [    Test worker] c.e.t.c.IntegrationTest                  : Started IntegrationTest in 0.854 seconds (process running for 8.447)
Hibernate: select c1_0.id,c1_1.direccion,c1_1.edad,c1_1.genero,c1_1.identificacion,c1_1.nombre,c1_1.telefono,c1_0.cliente_id,c1_0.contrasena,c1_0.estado from cliente c1_0 join persona c1_1 on c1_0.id=c1_1.id
Hibernate: delete from cliente where id=?
Hibernate: delete from persona where id=?
Hibernate: delete from cliente where id=?
Hibernate: delete from persona where id=?
Hibernate: insert into persona (direccion,edad,genero,identificacion,nombre,telefono) values (?,?,?,?,?,?)
Hibernate: insert into cliente (cliente_id,contrasena,estado,id) values (?,?,?,?)
2024-07-25T09:30:44.127-05:00  INFO 19100 --- [ClientePersonaService] [    Test worker] o.s.a.r.c.CachingConnectionFactory       : Attempting to connect to: [localhost:5672]
2024-07-25T09:30:44.171-05:00  INFO 19100 --- [ClientePersonaService] [    Test worker] o.s.a.r.c.CachingConnectionFactory       : Created new connection: rabbitConnectionFactory#6d9f3b1f:0/SimpleConnection@3683407d [delegate=amqp://guest@127.0.0.1:5672/, localPort=65120]
2024-07-25T09:30:44.178-05:00  INFO 19100 --- [ClientePersonaService] [    Test worker] o.s.amqp.rabbit.core.RabbitAdmin         : Auto-declaring a non-durable, auto-delete, or exclusive Queue (clienteQueue) durable:false, auto-delete:false, exclusive:false. It will be redeclared if the broker stops and is restarted while the connection factory is alive, but all messages will be lost.
Mensaje enviado: cliente5
]]></system-out>
  <system-err><![CDATA[]]></system-err>
</testsuite>
