<?xml version="1.0" encoding="UTF-8"?>
<testsuite name="com.ejercicio.tecnico.cuentaMovimientosService.CuentaControllerTest" tests="3" skipped="0" failures="0" errors="0" timestamp="2024-07-25T14:32:40" hostname="DESKTOP-K33L7QA" time="0.271">
  <properties/>
  <testcase name="testGetAllCuentas()" classname="com.ejercicio.tecnico.cuentaMovimientosService.CuentaControllerTest" time="0.157"/>
  <testcase name="testGetCuentaById()" classname="com.ejercicio.tecnico.cuentaMovimientosService.CuentaControllerTest" time="0.028"/>
  <testcase name="testCreateCuenta()" classname="com.ejercicio.tecnico.cuentaMovimientosService.CuentaControllerTest" time="0.081"/>
  <system-out><![CDATA[09:32:34.179 [Test worker] INFO org.springframework.test.context.support.AnnotationConfigContextLoaderUtils -- Could not detect default configuration classes for test class [com.ejercicio.tecnico.cuentaMovimientosService.CuentaControllerTest]: CuentaControllerTest does not declare any static, non-private, non-final, nested classes annotated with @Configuration.
09:32:34.289 [Test worker] INFO org.springframework.boot.test.context.SpringBootTestContextBootstrapper -- Found @SpringBootConfiguration com.ejercicio.tecnico.cuentaMovimientosService.CuentaMovimientosServiceApplication for test class com.ejercicio.tecnico.cuentaMovimientosService.CuentaControllerTest

  .   ____          _            __ _ _
 /\\ / ___'_ __ _ _(_)_ __  __ _ \ \ \ \
( ( )\___ | '_ | '_| | '_ \/ _` | \ \ \ \
 \\/  ___)| |_)| | | | | || (_| |  ) ) ) )
  '  |____| .__|_| |_|_| |_\__, | / / / /
 =========|_|==============|___/=/_/_/_/

 :: Spring Boot ::                (v3.3.2)

2024-07-25T09:32:34.587-05:00  INFO 6988 --- [CuentaMovimientosService] [    Test worker] c.e.t.c.CuentaControllerTest             : Starting CuentaControllerTest using Java 17.0.11 with PID 6988 (started by Charlie in C:\Users\Charlie\Documents\prueba-tecnica\CuentaMovimientosService)
2024-07-25T09:32:34.587-05:00  INFO 6988 --- [CuentaMovimientosService] [    Test worker] c.e.t.c.CuentaControllerTest             : No active profile set, falling back to 1 default profile: "default"
2024-07-25T09:32:35.341-05:00  INFO 6988 --- [CuentaMovimientosService] [    Test worker] .s.d.r.c.RepositoryConfigurationDelegate : Bootstrapping Spring Data JPA repositories in DEFAULT mode.
2024-07-25T09:32:35.388-05:00  INFO 6988 --- [CuentaMovimientosService] [    Test worker] .s.d.r.c.RepositoryConfigurationDelegate : Finished Spring Data repository scanning in 37 ms. Found 2 JPA repository interfaces.
2024-07-25T09:32:37.003-05:00  INFO 6988 --- [CuentaMovimientosService] [    Test worker] o.hibernate.jpa.internal.util.LogHelper  : HHH000204: Processing PersistenceUnitInfo [name: default]
2024-07-25T09:32:37.161-05:00  INFO 6988 --- [CuentaMovimientosService] [    Test worker] org.hibernate.Version                    : HHH000412: Hibernate ORM core version 6.5.2.Final
2024-07-25T09:32:37.240-05:00  INFO 6988 --- [CuentaMovimientosService] [    Test worker] o.h.c.internal.RegionFactoryInitiator    : HHH000026: Second-level cache disabled
2024-07-25T09:32:37.365-05:00  INFO 6988 --- [CuentaMovimientosService] [    Test worker] o.s.o.j.p.SpringPersistenceUnitInfo      : No LoadTimeWeaver setup: ignoring JPA class transformer
2024-07-25T09:32:37.396-05:00  INFO 6988 --- [CuentaMovimientosService] [    Test worker] com.zaxxer.hikari.HikariDataSource       : HikariPool-1 - Starting...
2024-07-25T09:32:37.743-05:00  INFO 6988 --- [CuentaMovimientosService] [    Test worker] com.zaxxer.hikari.pool.HikariPool        : HikariPool-1 - Added connection com.mysql.cj.jdbc.ConnectionImpl@15a8bbe5
2024-07-25T09:32:37.743-05:00  INFO 6988 --- [CuentaMovimientosService] [    Test worker] com.zaxxer.hikari.HikariDataSource       : HikariPool-1 - Start completed.
2024-07-25T09:32:37.811-05:00  WARN 6988 --- [CuentaMovimientosService] [    Test worker] org.hibernate.orm.deprecation            : HHH90000025: MySQL8Dialect does not need to be specified explicitly using 'hibernate.dialect' (remove the property setting and it will be selected by default)
2024-07-25T09:32:37.813-05:00  WARN 6988 --- [CuentaMovimientosService] [    Test worker] org.hibernate.orm.deprecation            : HHH90000026: MySQL8Dialect has been deprecated; use org.hibernate.dialect.MySQLDialect instead
2024-07-25T09:32:38.663-05:00  INFO 6988 --- [CuentaMovimientosService] [    Test worker] o.h.e.t.j.p.i.JtaPlatformInitiator       : HHH000489: No JTA platform available (set 'hibernate.transaction.jta.platform' to enable JTA platform integration)
2024-07-25T09:32:38.711-05:00  INFO 6988 --- [CuentaMovimientosService] [    Test worker] j.LocalContainerEntityManagerFactoryBean : Initialized JPA EntityManagerFactory for persistence unit 'default'
2024-07-25T09:32:39.428-05:00  WARN 6988 --- [CuentaMovimientosService] [    Test worker] JpaBaseConfiguration$JpaWebConfiguration : spring.jpa.open-in-view is enabled by default. Therefore, database queries may be performed during view rendering. Explicitly configure spring.jpa.open-in-view to disable this warning
2024-07-25T09:32:40.549-05:00  INFO 6988 --- [CuentaMovimientosService] [    Test worker] o.s.b.t.m.w.SpringBootMockServletContext : Initializing Spring TestDispatcherServlet ''
2024-07-25T09:32:40.549-05:00  INFO 6988 --- [CuentaMovimientosService] [    Test worker] o.s.t.web.servlet.TestDispatcherServlet  : Initializing Servlet ''
2024-07-25T09:32:40.549-05:00  INFO 6988 --- [CuentaMovimientosService] [    Test worker] o.s.b.a.e.web.EndpointLinksResolver      : Exposing 1 endpoint beneath base path '/actuator'
2024-07-25T09:32:40.565-05:00  INFO 6988 --- [CuentaMovimientosService] [    Test worker] o.s.t.web.servlet.TestDispatcherServlet  : Completed initialization in 16 ms
2024-07-25T09:32:40.611-05:00  INFO 6988 --- [CuentaMovimientosService] [    Test worker] c.e.t.c.CuentaControllerTest             : Started CuentaControllerTest in 6.212 seconds (process running for 7.151)
2024-07-25T09:32:40.706-05:00  INFO 6988 --- [CuentaMovimientosService] [    Test worker] o.s.mock.web.MockServletContext          : Initializing Spring TestDispatcherServlet ''
2024-07-25T09:32:40.706-05:00  INFO 6988 --- [CuentaMovimientosService] [    Test worker] o.s.t.web.servlet.TestDispatcherServlet  : Initializing Servlet ''
2024-07-25T09:32:40.706-05:00  INFO 6988 --- [CuentaMovimientosService] [    Test worker] o.s.t.web.servlet.TestDispatcherServlet  : Completed initialization in 0 ms
2024-07-25T09:32:40.847-05:00  INFO 6988 --- [CuentaMovimientosService] [    Test worker] o.s.mock.web.MockServletContext          : Initializing Spring TestDispatcherServlet ''
2024-07-25T09:32:40.847-05:00  INFO 6988 --- [CuentaMovimientosService] [    Test worker] o.s.t.web.servlet.TestDispatcherServlet  : Initializing Servlet ''
2024-07-25T09:32:40.847-05:00  INFO 6988 --- [CuentaMovimientosService] [    Test worker] o.s.t.web.servlet.TestDispatcherServlet  : Completed initialization in 0 ms
2024-07-25T09:32:40.873-05:00  INFO 6988 --- [CuentaMovimientosService] [    Test worker] o.s.mock.web.MockServletContext          : Initializing Spring TestDispatcherServlet ''
2024-07-25T09:32:40.873-05:00  INFO 6988 --- [CuentaMovimientosService] [    Test worker] o.s.t.web.servlet.TestDispatcherServlet  : Initializing Servlet ''
2024-07-25T09:32:40.873-05:00  INFO 6988 --- [CuentaMovimientosService] [    Test worker] o.s.t.web.servlet.TestDispatcherServlet  : Completed initialization in 0 ms
]]></system-out>
  <system-err><![CDATA[]]></system-err>
</testsuite>
